This is pdfTeX, Version 3.14159265-2.6-1.40.20 (TeX Live 2019/Debian) (preloaded format=pdflatex 2021.3.26)  15 FEB 2022 11:44
entering extended mode
 restricted \write18 enabled.
 %&-line parsing enabled.
**final_report.tex
(./final_report.tex
LaTeX2e <2020-02-02> patch level 2
L3 programming layer <2020-02-14>
(/usr/share/texlive/texmf-dist/tex/latex/base/report.cls
Document Class: report 2019/12/20 v1.4l Standard LaTeX document class
(/usr/share/texlive/texmf-dist/tex/latex/base/size11.clo
File: size11.clo 2019/12/20 v1.4l Standard LaTeX file (size option)
)
\c@part=\count167
\c@chapter=\count168
\c@section=\count169
\c@subsection=\count170
\c@subsubsection=\count171
\c@paragraph=\count172
\c@subparagraph=\count173
\c@figure=\count174
\c@table=\count175
\abovecaptionskip=\skip47
\belowcaptionskip=\skip48
\bibindent=\dimen134
) (./zed-csp.sty
Package: zed-csp 95/01/11 0c zed-csp package
\c@mv@zed=\count176
LaTeX Font Info:    Overwriting math alphabet `\mathrm' in version `zed'
(Font)                  OT1/cmr/m/n --> OT1/cmr/m/n on input line 86.
LaTeX Font Info:    Overwriting math alphabet `\mathbf' in version `zed'
(Font)                  OT1/cmr/bx/n --> OT1/cmr/bx/n on input line 86.
LaTeX Font Info:    Overwriting math alphabet `\mathsf' in version `zed'
(Font)                  OT1/cmss/m/n --> OT1/cmss/m/n on input line 86.
\symitalics=\mathgroup4
LaTeX Font Info:    Redeclaring math alphabet \mathrm on input line 86.
LaTeX Font Info:    Redeclaring math alphabet \mathit on input line 86.
\symlasy=\mathgroup5
\symAMSa=\mathgroup6
\symAMSb=\mathgroup7
LaTeX Font Info:    Redeclaring math symbol \sqsubset on input line 308.
LaTeX Font Info:    Redeclaring math symbol \sqsupset on input line 308.
LaTeX Font Info:    Redeclaring math symbol \mho on input line 308.
LaTeX Font Info:    Redeclaring math symbol \hbar on input line 308.
\zedindent=\dimen135
\zedleftsep=\dimen136
\zedtab=\dimen137
\zedbar=\dimen138
\zedskip=\skip49
\interzedlinepenalty=\count177
\preboxpenalty=\count178
)
(/usr/share/texlive/texmf-dist/tex/latex/graphics/graphicx.sty
Package: graphicx 2019/11/30 v1.2a Enhanced LaTeX Graphics (DPC,SPQR)

(/usr/share/texlive/texmf-dist/tex/latex/graphics/keyval.sty
Package: keyval 2014/10/28 v1.15 key=value parser (DPC)
\KV@toks@=\toks14
)
(/usr/share/texlive/texmf-dist/tex/latex/graphics/graphics.sty
Package: graphics 2019/11/30 v1.4a Standard LaTeX Graphics (DPC,SPQR)

(/usr/share/texlive/texmf-dist/tex/latex/graphics/trig.sty
Package: trig 2016/01/03 v1.10 sin cos tan (DPC)
)
(/usr/share/texlive/texmf-dist/tex/latex/graphics-cfg/graphics.cfg
File: graphics.cfg 2016/06/04 v1.11 sample graphics configuration
)
Package graphics Info: Driver file: pdftex.def on input line 105.

(/usr/share/texlive/texmf-dist/tex/latex/graphics-def/pdftex.def
File: pdftex.def 2018/01/08 v1.0l Graphics/color driver for pdftex
))
\Gin@req@height=\dimen139
\Gin@req@width=\dimen140
)
(/usr/share/texlive/texmf-dist/tex/latex/graphics/color.sty
Package: color 2019/11/23 v1.2a Standard LaTeX Color (DPC)

(/usr/share/texlive/texmf-dist/tex/latex/graphics-cfg/color.cfg
File: color.cfg 2016/01/02 v1.6 sample color configuration
)
Package color Info: Driver file: pdftex.def on input line 147.
)
(/usr/share/texlive/texmf-dist/tex/latex/geometry/geometry.sty
Package: geometry 2020/01/02 v5.9 Page Geometry

(/usr/share/texlive/texmf-dist/tex/generic/iftex/ifvtex.sty
Package: ifvtex 2019/10/25 v1.7 ifvtex legacy package. Use iftex instead.

(/usr/share/texlive/texmf-dist/tex/generic/iftex/iftex.sty
Package: iftex 2019/11/07 v1.0c TeX engine tests
))
\Gm@cnth=\count179
\Gm@cntv=\count180
\c@Gm@tempcnt=\count181
\Gm@bindingoffset=\dimen141
\Gm@wd@mp=\dimen142
\Gm@odd@mp=\dimen143
\Gm@even@mp=\dimen144
\Gm@layoutwidth=\dimen145
\Gm@layoutheight=\dimen146
\Gm@layouthoffset=\dimen147
\Gm@layoutvoffset=\dimen148
\Gm@dimlist=\toks15
)
(/usr/share/texlive/texmf-dist/tex/latex/tools/array.sty
Package: array 2019/08/31 v2.4l Tabular extension package (FMi)
\col@sep=\dimen149
\ar@mcellbox=\box45
\extrarowheight=\dimen150
\NC@list=\toks16
\extratabsurround=\skip50
\backup@length=\skip51
\ar@cellbox=\box46
)
(/usr/share/texlive/texmf-dist/tex/latex/pdfpages/pdfpages.sty
Package: pdfpages 2020/01/28 v0.5q Insert pages of external PDF documents (AM)

(/usr/share/texlive/texmf-dist/tex/latex/base/ifthen.sty
Package: ifthen 2014/09/29 v1.1c Standard LaTeX ifthen package (DPC)
)
(/usr/share/texlive/texmf-dist/tex/latex/tools/calc.sty
Package: calc 2017/05/25 v4.3 Infix arithmetic (KKT,FJ)
\calc@Acount=\count182
\calc@Bcount=\count183
\calc@Adimen=\dimen151
\calc@Bdimen=\dimen152
\calc@Askip=\skip52
\calc@Bskip=\skip53
LaTeX Info: Redefining \setlength on input line 80.
LaTeX Info: Redefining \addtolength on input line 81.
\calc@Ccount=\count184
\calc@Cskip=\skip54
)
(/usr/share/texlive/texmf-dist/tex/latex/eso-pic/eso-pic.sty
Package: eso-pic 2018/04/12 v2.0h eso-pic (RN)

(/usr/share/texlive/texmf-dist/tex/generic/atbegshi/atbegshi.sty
Package: atbegshi 2019/12/05 v1.19 At begin shipout hook (HO)

(/usr/share/texlive/texmf-dist/tex/generic/infwarerr/infwarerr.sty
Package: infwarerr 2019/12/03 v1.5 Providing info/warning/error messages (HO)
)
(/usr/share/texlive/texmf-dist/tex/generic/ltxcmds/ltxcmds.sty
Package: ltxcmds 2019/12/15 v1.24 LaTeX kernel commands for general use (HO)
)))
\AM@pagewidth=\dimen153
\AM@pageheight=\dimen154

(/usr/share/texlive/texmf-dist/tex/latex/pdfpages/pppdftex.def
File: pppdftex.def 2020/01/28 v0.5q Pdfpages driver for pdfTeX (AM)
)
\AM@pagebox=\box47
\AM@global@opts=\toks17
\AM@pagecnt=\count185
\AM@toc@title=\toks18
\c@AM@survey=\count186
\AM@templatesizebox=\box48
)
(./titlesec.sty
Package: titlesec 2021/07/05 v2.14 Sectioning titles
\ttl@box=\box49
\beforetitleunit=\skip55
\aftertitleunit=\skip56
\ttl@plus=\dimen155
\ttl@minus=\dimen156
\ttl@toksa=\toks19
\titlewidth=\dimen157
\titlewidthlast=\dimen158
\titlewidthfirst=\dimen159
)
(/usr/share/texlive/texmf-dist/tex/latex/l3backend/l3backend-pdfmode.def
File: l3backend-pdfmode.def 2020-02-03 L3 backend support: PDF mode
\l__kernel_color_stack_int=\count187
\l__pdf_internal_box=\box50
)
(./final_report.aux

LaTeX Warning: Label `' multiply defined.


LaTeX Warning: Label `' multiply defined.


LaTeX Warning: Label `' multiply defined.


LaTeX Warning: Label `' multiply defined.


LaTeX Warning: Label `' multiply defined.


LaTeX Warning: Label `' multiply defined.


LaTeX Warning: Label `' multiply defined.


LaTeX Warning: Label `' multiply defined.


LaTeX Warning: Label `' multiply defined.

)
\openout1 = `final_report.aux'.

LaTeX Font Info:    Checking defaults for OML/cmm/m/it on input line 20.
LaTeX Font Info:    ... okay on input line 20.
LaTeX Font Info:    Checking defaults for OMS/cmsy/m/n on input line 20.
LaTeX Font Info:    ... okay on input line 20.
LaTeX Font Info:    Checking defaults for OT1/cmr/m/n on input line 20.
LaTeX Font Info:    ... okay on input line 20.
LaTeX Font Info:    Checking defaults for T1/cmr/m/n on input line 20.
LaTeX Font Info:    ... okay on input line 20.
LaTeX Font Info:    Checking defaults for TS1/cmr/m/n on input line 20.
LaTeX Font Info:    ... okay on input line 20.
LaTeX Font Info:    Checking defaults for OMX/cmex/m/n on input line 20.
LaTeX Font Info:    ... okay on input line 20.
LaTeX Font Info:    Checking defaults for U/cmr/m/n on input line 20.
LaTeX Font Info:    ... okay on input line 20.
 (/usr/share/texlive/texmf-dist/tex/context/base/mkii/supp-pdf.mkii
[Loading MPS to PDF converter (version 2006.09.02).]
\scratchcounter=\count188
\scratchdimen=\dimen160
\scratchbox=\box51
\nofMPsegments=\count189
\nofMParguments=\count190
\everyMPshowfont=\toks20
\MPscratchCnt=\count191
\MPscratchDim=\dimen161
\MPnumerator=\count192
\makeMPintoPDFobject=\count193
\everyMPtoPDFconversion=\toks21
) (/usr/share/texlive/texmf-dist/tex/latex/epstopdf-pkg/epstopdf-base.sty
Package: epstopdf-base 2020-01-24 v2.11 Base part for package epstopdf
Package epstopdf-base Info: Redefining graphics rule for `.eps' on input line 4
85.

(/usr/share/texlive/texmf-dist/tex/latex/latexconfig/epstopdf-sys.cfg
File: epstopdf-sys.cfg 2010/07/13 v1.3 Configuration of (r)epstopdf for TeX Liv
e
))
*geometry* driver: auto-detecting
*geometry* detected driver: pdftex
*geometry* verbose mode - [ preamble ] result:
* driver: pdftex
* paper: a4paper
* layout: <same size as paper>
* layoutoffset:(h,v)=(0.0pt,0.0pt)
* modes: 
* h-part:(L,W,R)=(56.9055pt, 483.69684pt, 56.90553pt)
* v-part:(T,H,B)=(56.9055pt, 731.23582pt, 56.90552pt)
* \paperwidth=597.50787pt
* \paperheight=845.04684pt
* \textwidth=483.69684pt
* \textheight=731.23582pt
* \oddsidemargin=-15.36449pt
* \evensidemargin=-15.36449pt
* \topmargin=-52.36449pt
* \headheight=12.0pt
* \headsep=25.0pt
* \topskip=11.0pt
* \footskip=30.0pt
* \marginparwidth=59.0pt
* \marginparsep=10.0pt
* \columnsep=10.0pt
* \skip\footins=10.0pt plus 4.0pt minus 2.0pt
* \hoffset=0.0pt
* \voffset=0.0pt
* \mag=1000
* \@twocolumnfalse
* \@twosidefalse
* \@mparswitchfalse
* \@reversemarginfalse
* (1in=72.27pt=25.4mm, 1cm=28.453pt)

\AtBeginShipoutBox=\box52
(/usr/share/texlive/texmf-dist/tex/latex/pdflscape/pdflscape.sty
Package: pdflscape 2019/12/05 v0.12 Display of landscape pages in PDF (HO)

(/usr/share/texlive/texmf-dist/tex/latex/graphics/lscape.sty
Package: lscape 2000/10/22 v3.01 Landscape Pages (DPC)
)
Package pdflscape Info: Auto-detected driver: pdftex on input line 81.
)
<muk.png, id=1, 520.94624pt x 414.04688pt>
File: muk.png Graphic file (type png)
<use muk.png>
Package pdftex.def Info: muk.png  used on input line 28.
(pdftex.def)             Requested size: 48.37263pt x 38.44405pt.
 [1

{/var/lib/texmf/fonts/map/pdftex/updmap/pdftex.map} <./muk.png>]
Underfull \hbox (badness 10000) in paragraph at lines 59--60

 []


Underfull \hbox (badness 10000) in paragraph at lines 61--64

 []

LaTeX Font Info:    External font `cmex10' loaded for size
(Font)              <10.95> on input line 69.
LaTeX Font Info:    External font `cmex10' loaded for size
(Font)              <8> on input line 69.
LaTeX Font Info:    External font `cmex10' loaded for size
(Font)              <6> on input line 69.
LaTeX Font Info:    Trying to load font information for U+lasy on input line 69
.
(/usr/share/texlive/texmf-dist/tex/latex/base/ulasy.fd
File: ulasy.fd 1998/08/17 v2.2e LaTeX symbol font definitions
)
LaTeX Font Info:    Trying to load font information for U+msa on input line 69.


(/usr/share/texlive/texmf-dist/tex/latex/amsfonts/umsa.fd
File: umsa.fd 2013/01/14 v3.01 AMS symbols A
)
LaTeX Font Info:    Trying to load font information for U+msb on input line 69.


(/usr/share/texlive/texmf-dist/tex/latex/amsfonts/umsb.fd
File: umsb.fd 2013/01/14 v3.01 AMS symbols B
)
Overfull \hbox (14.00398pt too wide) in paragraph at lines 69--78
 [][] 
 []

[1]
Underfull \hbox (badness 10000) in paragraph at lines 83--85

 []


Underfull \hbox (badness 10000) in paragraph at lines 86--87

 []


Underfull \hbox (badness 10000) in paragraph at lines 88--89

 []


Underfull \hbox (badness 10000) in paragraph at lines 90--91

 []

[2]
Underfull \hbox (badness 10000) in paragraph at lines 95--96

 []


Underfull \hbox (badness 10000) in paragraph at lines 97--101

 []


Underfull \hbox (badness 10000) in paragraph at lines 102--104

 []


Underfull \hbox (badness 10000) in paragraph at lines 107--109

 []

[3] (./final_report.toc [4

])
\tf@toc=\write3
\openout3 = `final_report.toc'.

 [5]
Underfull \hbox (badness 10000) in paragraph at lines 124--125

 []


Underfull \hbox (badness 10000) in paragraph at lines 126--128

 []


Underfull \hbox (badness 10000) in paragraph at lines 130--132

 []

[1

]
Chapter 1.

Underfull \hbox (badness 10000) in paragraph at lines 139--144

 []


Underfull \hbox (badness 10000) in paragraph at lines 146--147

 []


Underfull \hbox (badness 10000) in paragraph at lines 148--149

 []

[2

]
Underfull \hbox (badness 10000) in paragraph at lines 150--151

 []


Underfull \hbox (badness 10000) in paragraph at lines 152--153

 []


Underfull \hbox (badness 10000) in paragraph at lines 156--157

 []


Underfull \hbox (badness 10000) in paragraph at lines 159--160

 []


Underfull \hbox (badness 10000) in paragraph at lines 160--161

 []


Underfull \hbox (badness 10000) in paragraph at lines 161--162

 []


Underfull \hbox (badness 10000) in paragraph at lines 164--165

 []


Underfull \hbox (badness 10000) in paragraph at lines 166--167

 []


Underfull \hbox (badness 10000) in paragraph at lines 171--172

 []


Underfull \hbox (badness 10000) in paragraph at lines 173--174

 []


Underfull \hbox (badness 10000) in paragraph at lines 174--175

 []

[3]
Underfull \hbox (badness 10000) in paragraph at lines 175--176

 []

[4]
Chapter 2.

Underfull \hbox (badness 10000) in paragraph at lines 181--182

 []


Underfull \hbox (badness 10000) in paragraph at lines 184--209

 []


Underfull \hbox (badness 10000) in paragraph at lines 213--230

 []

[5

]
<CNN.png, id=43, 1088.065pt x 470.75874pt>
File: CNN.png Graphic file (type png)
<use CNN.png>
Package pdftex.def Info: CNN.png  used on input line 234.
(pdftex.def)             Requested size: 422.51738pt x 182.80894pt.

Underfull \hbox (badness 10000) in paragraph at lines 238--239

 []


Underfull \hbox (badness 10000) in paragraph at lines 240--247

 []

<f1.png, id=45, 680.5425pt x 289.08pt>
File: f1.png Graphic file (type png)
<use f1.png>
Package pdftex.def Info: f1.png  used on input line 250.
(pdftex.def)             Requested size: 430.36398pt x 182.80894pt.

LaTeX Warning: `h' float specifier changed to `ht'.


Underfull \hbox (badness 10000) in paragraph at lines 254--259

 []


Underfull \hbox (badness 10000) in paragraph at lines 262--267

 []

[6 <./CNN.png>]
<f2.png, id=50, 406.51875pt x 306.14375pt>
File: f2.png Graphic file (type png)
<use f2.png>
Package pdftex.def Info: f2.png  used on input line 270.
(pdftex.def)             Requested size: 242.74696pt x 182.80894pt.

Underfull \hbox (badness 10000) in paragraph at lines 278--279

 []


Underfull \hbox (badness 10000) in paragraph at lines 282--283

 []

[7 <./f1.png> <./f2.png>]
Underfull \hbox (badness 10000) in paragraph at lines 285--292

 []

[8]
<agric.png, id=60, 908.39375pt x 648.4225pt>
File: agric.png Graphic file (type png)
<use agric.png>
Package pdftex.def Info: agric.png  used on input line 329.
(pdftex.def)             Requested size: 512.20386pt x 365.6179pt.

Underfull \hbox (badness 10000) in paragraph at lines 333--334

 []


Underfull \hbox (badness 10000) in paragraph at lines 336--380

 []

[9 <./agric.png>]
Underfull \hbox (badness 10000) in paragraph at lines 382--383

 []


Underfull \hbox (badness 10000) in paragraph at lines 388--389

 []


Underfull \hbox (badness 10000) in paragraph at lines 391--392

 []

[10]
Underfull \hbox (badness 10000) in paragraph at lines 397--398

 []


Underfull \hbox (badness 10000) in paragraph at lines 405--406

 []


Underfull \hbox (badness 10000) in paragraph at lines 406--407

 []


Underfull \hbox (badness 10000) in paragraph at lines 412--414

 []

<l3.png, id=68, 742.775pt x 153.57375pt>
File: l3.png Graphic file (type png)
<use l3.png>
Package pdftex.def Info: l3.png  used on input line 423.
(pdftex.def)             Requested size: 353.69449pt x 73.12804pt.

Underfull \hbox (badness 10000) in paragraph at lines 428--437

 []

[11 <./l3.png>]
Underfull \hbox (badness 10000) in paragraph at lines 438--439

 []


Underfull \hbox (badness 10000) in paragraph at lines 440--442

 []


Underfull \hbox (badness 10000) in paragraph at lines 443--444

 []


Underfull \hbox (badness 10000) in paragraph at lines 445--447

 []

<hjk.png, id=73, 754.82pt x 172.645pt>
File: hjk.png Graphic file (type png)
<use hjk.png>
Package pdftex.def Info: hjk.png  used on input line 451.
(pdftex.def)             Requested size: 351.67874pt x 80.43639pt.
[12 <./hjk.png>]
Chapter 3.

Underfull \hbox (badness 10000) in paragraph at lines 461--462

 []


Underfull \hbox (badness 10000) in paragraph at lines 465--466

 []


Underfull \hbox (badness 10000) in paragraph at lines 469--470

 []


Underfull \hbox (badness 10000) in paragraph at lines 471--478

 []


Underfull \hbox (badness 10000) in paragraph at lines 479--480

 []


Underfull \hbox (badness 10000) in paragraph at lines 482--487

 []


Underfull \hbox (badness 10000) in paragraph at lines 495--499

 []

[13

]
Underfull \hbox (badness 10000) in paragraph at lines 504--505

 []


Underfull \hbox (badness 10000) in paragraph at lines 505--506

 []


Underfull \hbox (badness 10000) in paragraph at lines 512--515

 []


Underfull \hbox (badness 10000) in paragraph at lines 516--522

 []


Underfull \hbox (badness 10000) in paragraph at lines 523--524

 []


Underfull \hbox (badness 10000) in paragraph at lines 526--527

 []


Underfull \hbox (badness 10000) in paragraph at lines 529--530

 []


Underfull \hbox (badness 10000) in paragraph at lines 532--533

 []


Underfull \hbox (badness 10000) in paragraph at lines 544--546

 []


Underfull \hbox (badness 10000) in paragraph at lines 546--548

 []

[14]
Underfull \hbox (badness 10000) in paragraph at lines 548--549

 []


Underfull \hbox (badness 10000) in paragraph at lines 550--552

 []


Underfull \hbox (badness 10000) in paragraph at lines 553--555

 []


Underfull \hbox (badness 10000) in paragraph at lines 569--570

 []


Underfull \hbox (badness 10000) in paragraph at lines 571--580

 []


Underfull \hbox (badness 10000) in paragraph at lines 581--585

 []


Underfull \hbox (badness 10000) in paragraph at lines 598--601

 []

[15] [16]
Chapter 4.

Overfull \hbox (6.76471pt too wide) in paragraph at lines 610--610
|[]\OT1/cmr/bx/n/20.74 Data col-lec-tion, model build-ing and
 []


Underfull \hbox (badness 10000) in paragraph at lines 612--613

 []


Underfull \hbox (badness 10000) in paragraph at lines 614--615

 []


Underfull \hbox (badness 10000) in paragraph at lines 618--621

 []


Underfull \hbox (badness 10000) in paragraph at lines 622--629

 []

File: l3.png Graphic file (type png)
<use l3.png>
Package pdftex.def Info: l3.png  used on input line 632.
(pdftex.def)             Requested size: 353.69449pt x 73.12804pt.

Underfull \hbox (badness 10000) in paragraph at lines 636--645

 []

[17

]
Underfull \hbox (badness 10000) in paragraph at lines 647--649

 []


Underfull \hbox (badness 10000) in paragraph at lines 650--651

 []


Underfull \hbox (badness 10000) in paragraph at lines 652--654

 []

File: hjk.png Graphic file (type png)
<use hjk.png>
Package pdftex.def Info: hjk.png  used on input line 657.
(pdftex.def)             Requested size: 351.67874pt x 80.43639pt.

Underfull \hbox (badness 10000) in paragraph at lines 662--665

 []


Underfull \hbox (badness 10000) in paragraph at lines 667--670

 []


Underfull \hbox (badness 10000) in paragraph at lines 672--675

 []


Underfull \hbox (badness 10000) in paragraph at lines 677--683

 []

[18]
Underfull \hbox (badness 10000) in paragraph at lines 685--690

 []


Underfull \hbox (badness 10000) in paragraph at lines 692--696

 []


Underfull \hbox (badness 10000) in paragraph at lines 698--702

 []


Underfull \hbox (badness 10000) in paragraph at lines 704--709

 []


Underfull \hbox (badness 10000) in paragraph at lines 711--713

 []


Underfull \hbox (badness 10000) in paragraph at lines 715--718

 []


Underfull \hbox (badness 10000) in paragraph at lines 720--724

 []

[19]
Underfull \hbox (badness 10000) in paragraph at lines 727--728

 []


Underfull \hbox (badness 10000) in paragraph at lines 731--732

 []


Underfull \hbox (badness 10000) in paragraph at lines 732--733

 []


Underfull \hbox (badness 10000) in paragraph at lines 735--736

 []


Underfull \hbox (badness 10000) in paragraph at lines 736--738

 []


Underfull \hbox (badness 10000) in paragraph at lines 741--742

 []

<diag.png, id=101, 652.4375pt x 422.57875pt>
File: diag.png Graphic file (type png)
<use diag.png>
Package pdftex.def Info: diag.png  used on input line 745.
(pdftex.def)             Requested size: 338.702pt x 219.37297pt.

Underfull \hbox (badness 10000) in paragraph at lines 748--749

 []

[20 <./diag.png>]
Underfull \hbox (badness 10000) in paragraph at lines 756--757

 []


Underfull \hbox (badness 10000) in paragraph at lines 761--762

 []


Underfull \hbox (badness 10000) in paragraph at lines 762--763

 []


Underfull \hbox (badness 10000) in paragraph at lines 765--766

 []


Underfull \hbox (badness 10000) in paragraph at lines 767--768

 []


Underfull \hbox (badness 10000) in paragraph at lines 775--777

 []


Underfull \hbox (badness 10000) in paragraph at lines 778--779

 []


Underfull \hbox (badness 10000) in paragraph at lines 780--781

 []


Underfull \hbox (badness 10000) in paragraph at lines 782--784

 []


Underfull \hbox (badness 10000) in paragraph at lines 785--786

 []


Underfull \hbox (badness 10000) in paragraph at lines 787--795

 []

[21]
Underfull \hbox (badness 10000) in paragraph at lines 796--797

 []

<x12.png, id=109, 521.95pt x 661.47125pt>
File: x12.png Graphic file (type png)
<use x12.png>
Package pdftex.def Info: x12.png  used on input line 801.
(pdftex.def)             Requested size: 288.499pt x 365.6179pt.
[22 <./x12.png>]
<vt.png, id=114, 1038.88126pt x 319.1925pt>
File: vt.png Graphic file (type png)
<use vt.png>
Package pdftex.def Info: vt.png  used on input line 814.
(pdftex.def)             Requested size: 475.98894pt x 146.24492pt.

Underfull \hbox (badness 10000) in paragraph at lines 824--825

 []


Underfull \hbox (badness 10000) in paragraph at lines 826--827

 []


Underfull \hbox (badness 10000) in paragraph at lines 827--828

 []

<bn.png, id=115, 489.83pt x 493.845pt>
File: bn.png Graphic file (type png)
<use bn.png>
Package pdftex.def Info: bn.png  used on input line 831.
(pdftex.def)             Requested size: 253.85353pt x 255.937pt.
[23 <./vt.png> <./bn.png>]
Underfull \hbox (badness 10000) in paragraph at lines 839--841

 []


Underfull \hbox (badness 10000) in paragraph at lines 847--849

 []


Underfull \hbox (badness 10000) in paragraph at lines 853--855

 []


Underfull \hbox (badness 10000) in paragraph at lines 859--866

 []


Underfull \hbox (badness 10000) in paragraph at lines 873--874

 []


Overfull \hbox (10.7623pt too wide) in paragraph at lines 876--883
\OT1/cmr/bx/n/10.95 Accuracy \OT1/cmr/m/n/10.95 99% 95% 92.31%
 []


Overfull \hbox (15.45457pt too wide) in paragraph at lines 876--883
\OT1/cmr/bx/n/10.95 Pre-ci-sion \OT1/cmr/m/n/10.95 95% 98% 100%
 []


Overfull \hbox (7.71869pt too wide) in paragraph at lines 876--883
\OT1/cmr/bx/n/10.95 Re-call \OT1/cmr/m/n/10.95 99% 95% 92%
 []


Overfull \hbox (4.39813pt too wide) in paragraph at lines 876--883
\OT1/cmr/bx/n/10.95 F1 score \OT1/cmr/m/n/10.95 97% 96% 96%
 []


Overfull \hbox (2.24562pt too wide) in paragraph at lines 889--896
\OT1/cmr/bx/n/10.95 Accuracy \OT1/cmr/m/n/10.95 91% 96% 100%
 []


Overfull \hbox (9.97957pt too wide) in paragraph at lines 889--896
\OT1/cmr/bx/n/10.95 Pre-ci-sion \OT1/cmr/m/n/10.95 97% 91% 93%
 []


Overfull \hbox (13.1937pt too wide) in paragraph at lines 889--896
\OT1/cmr/bx/n/10.95 Re-call \OT1/cmr/m/n/10.95 91% 96% 100%
 []


Overfull \hbox (4.39813pt too wide) in paragraph at lines 889--896
\OT1/cmr/bx/n/10.95 F1 score \OT1/cmr/m/n/10.95 94% 94% 96%
 []


Underfull \hbox (badness 10000) in paragraph at lines 899--900

 []

[24]
<v1.png, id=127, 1049.9225pt x 273.02pt>
File: v1.png Graphic file (type png)
<use v1.png>
Package pdftex.def Info: v1.png  used on input line 903.
(pdftex.def)             Requested size: 478.0359pt x 124.30875pt.

Underfull \hbox (badness 10000) in paragraph at lines 907--911

 []


Underfull \hbox (badness 10000) in paragraph at lines 912--913

 []

<v2.png, id=128, 1069.9975pt x 414.54875pt>
File: v2.png Graphic file (type png)
<use v2.png>
Package pdftex.def Info: v2.png  used on input line 916.
(pdftex.def)             Requested size: 320.85478pt x 124.30875pt.

Underfull \hbox (badness 10000) in paragraph at lines 920--928

 []


Underfull \hbox (badness 10000) in paragraph at lines 929--931

 []

<v3.png, id=129, 1109.14375pt x 310.15875pt>
File: v3.png Graphic file (type png)
<use v3.png>
Package pdftex.def Info: v3.png  used on input line 934.
(pdftex.def)             Requested size: 444.5297pt x 124.30875pt.

LaTeX Warning: `h' float specifier changed to `ht'.

[25 <./v1.png> <./v2.png>]
Underfull \hbox (badness 10000) in paragraph at lines 939--945

 []

<v4.png, id=136, 1058.95625pt x 440.64626pt>
File: v4.png Graphic file (type png)
<use v4.png>
Package pdftex.def Info: v4.png  used on input line 949.
(pdftex.def)             Requested size: 298.73558pt x 124.30875pt.

Underfull \hbox (badness 10000) in paragraph at lines 954--963

 []

[26 <./v3.png> <./v4.png>]
Underfull \hbox (badness 10000) in paragraph at lines 965--971

 []


Underfull \hbox (badness 10000) in paragraph at lines 973--974

 []

<v5.png, id=142, 1028.84375pt x 372.39125pt>
File: v5.png Graphic file (type png)
<use v5.png>
Package pdftex.def Info: v5.png  used on input line 977.
(pdftex.def)             Requested size: 343.4442pt x 124.30875pt.

Underfull \hbox (badness 10000) in paragraph at lines 982--986

 []


Underfull \hbox (badness 10000) in paragraph at lines 987--989

 []

<v6.png, id=143, 1026.83624pt x 415.5525pt>
File: v6.png Graphic file (type png)
<use v6.png>
Package pdftex.def Info: v6.png  used on input line 992.
(pdftex.def)             Requested size: 307.16016pt x 124.30875pt.

Underfull \hbox (badness 10000) in paragraph at lines 996--1000

 []

[27 <./v5.png> <./v6.png>]
Underfull \hbox (badness 10000) in paragraph at lines 1004--1005

 []


Overfull \hbox (7.48593pt too wide) in paragraph at lines 1007--1014
\OT1/cmr/bx/n/10.95 Accuracy \OT1/cmr/m/n/10.95 99.38% 100% 100%
 []


Overfull \hbox (6.7032pt too wide) in paragraph at lines 1007--1014
\OT1/cmr/bx/n/10.95 Pre-ci-sion \OT1/cmr/m/n/10.95 100% 100% 99%
 []


Overfull \hbox (4.44232pt too wide) in paragraph at lines 1007--1014
\OT1/cmr/bx/n/10.95 Re-call \OT1/cmr/m/n/10.95 99% 100% 100%
 []


Overfull \hbox (1.12177pt too wide) in paragraph at lines 1007--1014
\OT1/cmr/bx/n/10.95 F1 score \OT1/cmr/m/n/10.95 100% 99% 100%
 []


Overfull \hbox (10.29291pt too wide) in paragraph at lines 1019--1026
\OT1/cmr/bx/n/10.95 Accuracy \OT1/cmr/m/n/10.95 93.87% 92.25% 84.47%
 []


Overfull \hbox (9.97957pt too wide) in paragraph at lines 1019--1026
\OT1/cmr/bx/n/10.95 Pre-ci-sion \OT1/cmr/m/n/10.95 87% 90% 94%
 []


Overfull \hbox (7.71869pt too wide) in paragraph at lines 1019--1026
\OT1/cmr/bx/n/10.95 Re-call \OT1/cmr/m/n/10.95 92% 88% 85%
 []


Overfull \hbox (4.39813pt too wide) in paragraph at lines 1019--1026
\OT1/cmr/bx/n/10.95 F1 score \OT1/cmr/m/n/10.95 96% 94% 92%
 []


Underfull \hbox (badness 10000) in paragraph at lines 1030--1031

 []

<p1.png, id=149, 526.96875pt x 317.185pt>
File: p1.png Graphic file (type png)
<use p1.png>
Package pdftex.def Info: p1.png  used on input line 1035.
(pdftex.def)             Requested size: 242.97946pt x 146.24492pt.
<p2.png, id=150, 527.9725pt x 322.20375pt>
File: p2.png Graphic file (type png)
<use p2.png>
Package pdftex.def Info: p2.png  used on input line 1041.
(pdftex.def)             Requested size: 239.64781pt x 146.24492pt.
[28 <./p1.png> <./p2.png>]
Underfull \hbox (badness 10000) in paragraph at lines 1047--1052

 []

<p3.png, id=156, 549.05125pt x 421.575pt>
File: p3.png Graphic file (type png)
<use p3.png>
Package pdftex.def Info: p3.png  used on input line 1056.
(pdftex.def)             Requested size: 238.08974pt x 182.80894pt.
<p4.png, id=157, 554.07pt x 424.58624pt>
File: p4.png Graphic file (type png)
<use p4.png>
Package pdftex.def Info: p4.png  used on input line 1062.
(pdftex.def)             Requested size: 238.55827pt x 182.80894pt.
[29 <./p3.png> <./p4.png>]
Underfull \hbox (badness 10000) in paragraph at lines 1067--1072

 []

<p5.png, id=163, 543.02875pt x 292.09125pt>
File: p5.png Graphic file (type png)
<use p5.png>
Package pdftex.def Info: p5.png  used on input line 1077.
(pdftex.def)             Requested size: 339.87271pt x 182.80894pt.
<p6.png, id=164, 553.06625pt x 281.05pt>
File: p6.png Graphic file (type png)
<use p6.png>
Package pdftex.def Info: p6.png  used on input line 1083.
(pdftex.def)             Requested size: 359.74197pt x 182.80894pt.
[30 <./p5.png> <./p6.png>]
Underfull \hbox (badness 10000) in paragraph at lines 1088--1094

 []

<p7.png, id=170, 521.95pt x 450.68375pt>
File: p7.png Graphic file (type png)
<use p7.png>
Package pdftex.def Info: p7.png  used on input line 1103.
(pdftex.def)             Requested size: 211.71512pt x 182.80894pt.
<p8.png, id=171, 538.01pt x 453.695pt>
File: p8.png Graphic file (type png)
<use p8.png>
Package pdftex.def Info: p8.png  used on input line 1112.
(pdftex.def)             Requested size: 216.78459pt x 182.80894pt.
[31 <./p7.png> <./p8.png>]
Underfull \hbox (badness 10000) in paragraph at lines 1117--1121

 []

<p9.png, id=178, 1139.25626pt x 378.41376pt>
File: p9.png Graphic file (type png)
<use p9.png>
Package pdftex.def Info: p9.png  used on input line 1126.
(pdftex.def)             Requested size: 440.29254pt x 146.24492pt.

Underfull \hbox (badness 10000) in paragraph at lines 1131--1141

 []

<p10.png, id=179, 1127.21124pt x 416.55624pt>
File: p10.png Graphic file (type png)
<use p10.png>
Package pdftex.def Info: p10.png  used on input line 1146.
(pdftex.def)             Requested size: 395.73384pt x 146.24492pt.

Underfull \hbox (badness 10000) in paragraph at lines 1150--1156

 []

[32 <./p9.png> <./p10.png>]
Underfull \hbox (badness 10000) in paragraph at lines 1159--1160

 []


Underfull \hbox (badness 10000) in paragraph at lines 1161--1162

 []


Underfull \hbox (badness 10000) in paragraph at lines 1163--1164

 []

<cross.png, id=185, 1177.39874pt x 326.21875pt>
File: cross.png Graphic file (type png)
<use cross.png>
Package pdftex.def Info: cross.png  used on input line 1168.
(pdftex.def)             Requested size: 395.8548pt x 109.68091pt.
<c1.png, id=186, 716.6775pt x 395.4775pt>
File: c1.png Graphic file (type png)
<use c1.png>
Package pdftex.def Info: c1.png  used on input line 1177.
(pdftex.def)             Requested size: 331.28319pt x 182.80894pt.

Underfull \hbox (badness 10000) in paragraph at lines 1181--1182

 []

[33 <./cross.png> <./c1.png>]
Chapter 5.

Underfull \hbox (badness 10000) in paragraph at lines 1190--1191

 []


Underfull \hbox (badness 10000) in paragraph at lines 1193--1196

 []

<usecase.png, id=192, 683.55376pt x 452.69125pt>
File: usecase.png Graphic file (type png)
<use usecase.png>
Package pdftex.def Info: usecase.png  used on input line 1199.
(pdftex.def)             Requested size: 331.24156pt x 219.37297pt.
[34

 <./usecase.png>]
<arch.png, id=197, 805.0075pt x 704.6325pt>
File: arch.png Graphic file (type png)
<use arch.png>
Package pdftex.def Info: arch.png  used on input line 1207.
(pdftex.def)             Requested size: 417.69734pt x 365.6179pt.

Underfull \hbox (badness 10000) in paragraph at lines 1211--1212

 []


Underfull \hbox (badness 10000) in paragraph at lines 1213--1214

 []

<e.png, id=198, 486.81876pt x 167.62625pt>
File: e.png Graphic file (type png)
<use e.png>
Package pdftex.def Info: e.png  used on input line 1219.
(pdftex.def)             Requested size: 318.53064pt x 109.68091pt.
[35 <./arch.png> <./e.png>]
Underfull \hbox (badness 10000) in paragraph at lines 1223--1228

 []

<f.png, id=204, 616.3025pt x 378.41376pt>
File: f.png Graphic file (type png)
<use f.png>
Package pdftex.def Info: f.png  used on input line 1231.
(pdftex.def)             Requested size: 357.28642pt x 219.37297pt.
[36 <./f.png>]
Underfull \hbox (badness 10000) in paragraph at lines 1236--1238

 []

<flowchart.png, id=209, 583.17876pt x 1034.86626pt>
File: flowchart.png Graphic file (type png)
<use flowchart.png>
Package pdftex.def Info: flowchart.png  used on input line 1241.
(pdftex.def)             Requested size: 206.03772pt x 365.6179pt.

Underfull \hbox (badness 10000) in paragraph at lines 1247--1250

 []


Underfull \hbox (badness 10000) in paragraph at lines 1252--1253

 []


Underfull \hbox (badness 10000) in paragraph at lines 1255--1259

 []

[37 <./flowchart.png>]
Underfull \hbox (badness 10000) in paragraph at lines 1264--1265

 []


Underfull \hbox (badness 10000) in paragraph at lines 1267--1268

 []


Underfull \hbox (badness 10000) in paragraph at lines 1269--1270

 []


Underfull \hbox (badness 10000) in paragraph at lines 1270--1271

 []


Underfull \hbox (badness 10000) in paragraph at lines 1271--1272

 []


Underfull \hbox (badness 10000) in paragraph at lines 1272--1273

 []


Underfull \hbox (badness 10000) in paragraph at lines 1273--1274

 []


Underfull \hbox (badness 10000) in paragraph at lines 1274--1275

 []


Underfull \hbox (badness 10000) in paragraph at lines 1275--1276

 []

[38]
<login.png, id=218, 481.8pt x 963.6pt>
File: login.png Graphic file (type png)
<use login.png>
Package pdftex.def Info: login.png  used on input line 1286.
(pdftex.def)             Requested size: 91.40326pt x 182.80894pt.
<home.png, id=219, 481.8pt x 963.6pt>
File: home.png Graphic file (type png)
<use home.png>
Package pdftex.def Info: home.png  used on input line 1292.
(pdftex.def)             Requested size: 91.40326pt x 182.80894pt.
 [39 <./login.png> <./home.png>]
<preview.png, id=223, 481.8pt x 963.6pt>
File: preview.png Graphic file (type png)
<use preview.png>
Package pdftex.def Info: preview.png  used on input line 1300.
(pdftex.def)             Requested size: 73.11966pt x 146.24492pt.
<h1.png, id=224, 481.8pt x 963.6pt>
File: h1.png Graphic file (type png)
<use h1.png>
Package pdftex.def Info: h1.png  used on input line 1305.
(pdftex.def)             Requested size: 73.11966pt x 146.24492pt.
<h3.png, id=225, 481.8pt x 963.6pt>
File: h3.png Graphic file (type png)
<use h3.png>
Package pdftex.def Info: h3.png  used on input line 1310.
(pdftex.def)             Requested size: 73.11966pt x 146.24492pt.
 [40 <./preview.png> <./h1.png> <./h3.png>]
<r2.png, id=229, 481.8pt x 963.6pt>
File: r2.png Graphic file (type png)
<use r2.png>
Package pdftex.def Info: r2.png  used on input line 1317.
(pdftex.def)             Requested size: 91.40326pt x 182.80894pt.
<h2.png, id=230, 481.8pt x 963.6pt>
File: h2.png Graphic file (type png)
<use h2.png>
Package pdftex.def Info: h2.png  used on input line 1322.
(pdftex.def)             Requested size: 73.11966pt x 146.24492pt.
<r1.png, id=231, 481.8pt x 963.6pt>
File: r1.png Graphic file (type png)
<use r1.png>
Package pdftex.def Info: r1.png  used on input line 1327.
(pdftex.def)             Requested size: 91.40326pt x 182.80894pt.
[41 <./r2.png> <./h2.png> <./r1.png>]
Chapter 6.

Underfull \hbox (badness 10000) in paragraph at lines 1336--1337

 []


Underfull \hbox (badness 10000) in paragraph at lines 1338--1339

 []


Underfull \hbox (badness 10000) in paragraph at lines 1340--1341

 []


Underfull \hbox (badness 10000) in paragraph at lines 1345--1346

 []


Underfull \hbox (badness 10000) in paragraph at lines 1346--1347

 []


Underfull \hbox (badness 10000) in paragraph at lines 1347--1348

 []


Underfull \hbox (badness 10000) in paragraph at lines 1348--1349

 []


Underfull \hbox (badness 10000) in paragraph at lines 1354--1357

 []

[42

]
Chapter 7.
[43

] [44

] [45]
Overfull \hbox (11.21333pt too wide) in paragraph at lines 1464--1466
[]\OT1/cmr/m/n/10.95 SpMohanty/PlantVillage-Dataset. Avail-able on-line: https:
//github.com/spMohanty/PlantVillage-
 []

[46] [47]
Underfull \hbox (badness 10000) in paragraph at lines 1540--1541
[]\OT1/cmr/m/n/10.95 https://arstechnica.com/gadgets/2017/05/googles-fuchsia-sm
artphone-os-dumps-linux-has-a-
 []

[48]
Underfull \hbox (badness 10000) in paragraph at lines 1547--1549
[]\OT1/cmr/m/n/10.95 A.Deshpande,"A Be-gin-ner's Guide To Un-der-stand-ing Con-

 []


Underfull \hbox (badness 10000) in paragraph at lines 1547--1549
\OT1/cmr/m/n/10.95 vo-lu-tional Net-works", Adesh-pande3.github.io, Neu-ral 201
7.
 []


Underfull \hbox (badness 10000) in paragraph at lines 1547--1549
\OT1/cmr/m/n/10.95 [Online].Available:https://adeshpande3.github.io/adeshpande3
.github.io/A-Beginner's-Guide-
 []


Underfull \hbox (badness 1910) in paragraph at lines 1562--1563
[]\OT1/cmr/m/n/10.95 Kim, Yoon (2014-08-25). "Con-vo-lu-tional Neu-ral Net-work
s for Sen-tence Clas-si-fi-ca-tion".
 []

[49] [50]
Underfull \hbox (badness 10000) in paragraph at lines 1571--1572

 []


Underfull \hbox (badness 10000) in paragraph at lines 1574--1576

 []

<ian.pdf, id=265, 1690.09421pt x 1195.01462pt>
File: ian.pdf Graphic file (type pdf)
<use ian.pdf>
Package pdftex.def Info: ian.pdf  used on input line 1582.
(pdftex.def)             Requested size: 1690.09009pt x 1195.0117pt.
File: ian.pdf Graphic file (type pdf)
<use ian.pdf>
Package pdftex.def Info: ian.pdf  used on input line 1582.
(pdftex.def)             Requested size: 1690.09009pt x 1195.0117pt.
<ian.pdf, id=268, page=1, 1690.09421pt x 1195.01462pt>
File: ian.pdf Graphic file (type pdf)
<use ian.pdf, page 1>
Package pdftex.def Info: ian.pdf , page1 used on input line 1582.
(pdftex.def)             Requested size: 1690.09009pt x 1195.0117pt.
File: ian.pdf Graphic file (type pdf)
<use ian.pdf, page 1>
Package pdftex.def Info: ian.pdf , page1 used on input line 1582.
(pdftex.def)             Requested size: 597.52483pt x 422.49178pt.
[51]
File: ian.pdf Graphic file (type pdf)
<use ian.pdf, page 1>
Package pdftex.def Info: ian.pdf , page1 used on input line 1582.
(pdftex.def)             Requested size: 597.52483pt x 422.49178pt.
File: ian.pdf Graphic file (type pdf)
<use ian.pdf, page 1>
Package pdftex.def Info: ian.pdf , page1 used on input line 1582.
(pdftex.def)             Requested size: 597.52483pt x 422.49178pt.
File: ian.pdf Graphic file (type pdf)
<use ian.pdf, page 1>
Package pdftex.def Info: ian.pdf , page1 used on input line 1582.
(pdftex.def)             Requested size: 597.52483pt x 422.49178pt.
 [52 <./ian.pdf>] (./final_report.aux)

LaTeX Warning: There were multiply-defined labels.

 ) 
Here is how much of TeX's memory you used:
 4265 strings out of 483183
 56049 string characters out of 5966292
 298228 words of memory out of 5000000
 19231 multiletter control sequences out of 15000+600000
 540142 words of font info for 53 fonts, out of 8000000 for 9000
 14 hyphenation exceptions out of 8191
 37i,18n,43p,1113b,431s stack positions out of 5000i,500n,10000p,200000b,80000s
 </home/mugume/.texlive2019/texmf-var/fonts/pk/ljfour/jknappen/ec/tcrm1095.60
0pk></usr/share/texlive/texmf-dist/fonts/type1/public/amsfonts/cm/cmbx10.pfb></
usr/share/texlive/texmf-dist/fonts/type1/public/amsfonts/cm/cmbx12.pfb></usr/sh
are/texlive/texmf-dist/fonts/type1/public/amsfonts/cm/cmr10.pfb></usr/share/tex
live/texmf-dist/fonts/type1/public/amsfonts/cm/cmr8.pfb></usr/share/texlive/tex
mf-dist/fonts/type1/public/amsfonts/cm/cmsy8.pfb></usr/share/texlive/texmf-dist
/fonts/type1/public/amsfonts/cm/cmti8.pfb>
Output written on final_report.pdf (58 pages, 4665042 bytes).
PDF statistics:
 503 PDF objects out of 1000 (max. 8388607)
 219 compressed objects within 3 object streams
 0 named destinations out of 1000 (max. 500000)
 231 words of extra memory for PDF output out of 10000 (max. 10000000)

